2026-04-10 00:36:50,192 [INFO    ] ======================================================================
2026-04-10 00:36:50,192 [INFO    ] Installing node dependencies...
2026-04-10 00:36:50,192 [INFO    ] ======================================================================
2026-04-10 00:36:50,192 [INFO    ] RuntimeError: `rfbrowser init` needs write permissions to /usr/local/lib/python3.13/site-packages/Browser/wrapper
2026-04-10 00:36:50,192 [INFO    ] ======================================================================
2026-04-10 00:36:50,192 [INFO    ] Used Python is: /usr/bin/python3
Version: 3.13.12
2026-04-10 00:36:50,192 [INFO    ] ======================================================================
2026-04-10 00:36:50,192 [INFO    ] pip freeze output:
2026-04-10 00:36:50,570 [INFO    ] anyio==4.8.0
appdirs==1.4.4
argcomplete==3.6.3
attrs==25.1.0
Beaker==1.12.1
beautifulsoup4==4.14.3
blivet==3.12.1
blivet-gui==2.6.0
boto3==1.42.74
botocore==1.42.74
Brlapi==0.8.6
certifi==2026.2.25
cffi==1.17.1
charset-normalizer==3.4.1
click==8.3.2
cockpit @ file:///builddir/build/BUILD/cockpit-357-build/cockpit-357/tmp/wheel/cockpit-357-py3-none-any.whl#sha256=474f6d2f07f5e1fc6d7a1714574c3620ecb9769fd645f220ab4b2314f02dc195
crypt_r==3.13.1
cryptography==44.0.0
cssselect==1.2.0
cupshelpers==1.0
dasbus==1.7
davinci-helper==2.4.0
dbus-python==1.3.2
dbus_next==0.2.3
distro==1.9.0
dnf==4.24.0
ds4drv==0.5.1
evdev==1.9.2
fedora-third-party==0.10
file-magic==0.4.0
fros==1.1
grpcio==1.80.0
grpcio-tools==1.80.0
h11==0.16.0
httpcore==1.0.7
httpx==0.27.2
humanize==4.12.0
idna==3.10
inkex==1.4.0
iso639==0.1.4
jmespath==1.0.1
jsonschema==4.23.0
jsonschema-specifications==2024.10.1
langtable==0.0.69
libcomps==0.1.22
libdnf==0.75.0
louis==3.33.0
lxml==5.3.2
Mako==1.2.3
MarkupSafe==3.0.2
natsort==8.4.0
nftables==0.1
numpy==2.2.6
olefile==0.47
outcome==1.3.0.post0
overrides==7.7.0
packaging==24.2
Paste==3.10.1
perf==0.1
pexpect==4.9.0
pid==2.2.3
pillow==11.1.0
ply==3.11
productmd==1.50
protobuf==6.33.6
psutil==7.2.2
ptyprocess==0.7.0
pwquality==1.4.5
PyAudio==0.2.13
pycairo==1.25.1
pycparser==2.20
pycrypto==2.6.1
pycups==2.0.4
pyenchant==3.2.2
PyGObject==3.50.2
pyinotify==0.9.6
pykickstart==3.62
pyOpenSSL==25.0.0
pyparsing==3.1.2
pyparted==3.13.0
pyserial==3.5
PySocks==1.7.1
python-augeas==1.2.0
python-dateutil==2.8.2
python-linux-procfs==0.7.3
python-meh==0.52
python-pam==2.0.2
pyudev==0.24.3
pyxdg==0.27
PyYAML==6.0.3
RapidFuzz==3.11.0
referencing==0.36.2
regex==2024.11.6
reportlab==4.4.10
requests==2.32.4
requests-file==2.0.0
requests-ftp==0.3.1
robotframework==7.4.2
robotframework-assertion-engine==4.0.0
robotframework-browser==19.14.2
robotframework-pythonlibcore==4.5.0
robotframework-seleniumlibrary==6.8.0
rpds-py==0.25.0
rpm==4.20.1
s3transfer==0.16.0
scour==0.38.2
seedir==0.5.1
selenium==4.42.0
selinux @ file:///builddir/build/BUILD/libselinux-3.8-build/libselinux-3.8/src
sepolicy @ file:///builddir/build/BUILD/policycoreutils-3.8-build/selinux-3.8/python/sepolicy
setools==4.6.0
setuptools==82.0.1
simpleaudio==1.0.4
simpleline==1.9.0
six==1.17.0
sniffio==1.3.1
sortedcontainers==2.4.0
sos==4.10.0
soupsieve==2.7
systemd-python==235
tinycss2==1.4.0
trio==0.33.0
trio-websocket==0.12.2
typing_extensions==4.15.0
urllib3==2.6.3
webencodings==0.5.1
websocket-client==1.9.0
wrapt==2.1.2
wsproto==1.3.2
xkbregistry==0.3
2026-04-10 00:36:50,570 [INFO    ] ======================================================================
2026-04-10 00:36:50,772 [INFO    ] npm version is:n
2026-04-10 00:36:50,772 [INFO    ] 10.9.4
2026-04-10 00:36:50,772 [INFO    ] ======================================================================
2026-04-10 00:36:50,772 [INFO    ] Installation directory `/usr/local/lib/python3.13/site-packages/Browser/wrapper` does not contain the required files for unknown reason. Investigate the npm output and fix possible problems.
Printing contents:
2026-04-10 00:36:50,773 [INFO    ] None
2026-04-10 00:36:50,773 [INFO    ] ======================================================================
